<?xml version="1.0" encoding="UTF-8"?>
<!-- Generated by org.testng.reporters.JUnitReportReporter -->
<testsuite skipped="0" hostname="362812384d9a" name="com.searchmodule.tests.SearchTest" tests="2" failures="0" timestamp="2022-10-22T14:25:44 GMT" time="31.657" errors="0">
  <testcase name="search" time="15.791" classname="com.searchmodule.tests.SearchTest"/>
  <system-out/>
  <testcase name="search" time="15.866" classname="com.searchmodule.tests.SearchTest"/>
  <system-out/>
</testsuite> <!-- com.searchmodule.tests.SearchTest -->
