<?xml version="1.0" encoding="UTF-8"?>
<!-- Generated by org.testng.reporters.JUnitReportReporter -->
<testsuite hostname="LAPTOP-VUGTJ31C" failures="0" tests="2" name="com.searchmodule.tests.SearchTest" time="32.468" errors="0" timestamp="2022-10-21T16:09:16 IST" skipped="0">
  <testcase classname="com.searchmodule.tests.SearchTest" name="search" time="16.330"/>
  <system-out/>
  <testcase classname="com.searchmodule.tests.SearchTest" name="search" time="16.138"/>
  <system-out/>
</testsuite> <!-- com.searchmodule.tests.SearchTest -->
