<?xml version="1.0" encoding="UTF-8"?>
<!-- Generated by org.testng.reporters.JUnitReportReporter -->
<testsuite hostname="LAPTOP-VUGTJ31C" failures="0" tests="5" name="com.newtours.tests.BookFlightTest" time="11.648" errors="0" timestamp="2022-10-22T08:21:40 IST" skipped="0">
  <testcase classname="com.newtours.tests.BookFlightTest" name="flightDetailsPage" time="1.848"/>
  <system-out/>
  <testcase classname="com.newtours.tests.BookFlightTest" name="flightConfirmationPage" time="0.467"/>
  <system-out/>
  <testcase classname="com.newtours.tests.BookFlightTest" name="findFlightPage" time="0.798"/>
  <system-out/>
  <testcase classname="com.newtours.tests.BookFlightTest" name="registrationConfirmationPage" time="0.274"/>
  <system-out/>
  <testcase classname="com.newtours.tests.BookFlightTest" name="registrationPage" time="8.261"/>
  <system-out/>
</testsuite> <!-- com.newtours.tests.BookFlightTest -->
